INFO: [VRFC 10-2263] Analyzing Verilog file "C:/Users/nisar/My Files/IIT Kharagpur/FourthYear/Sem8/HSEC/Assgn-1/assgn-1.srcs/sources_1/new/k1.v" into library xil_defaultlib
INFO: [VRFC 10-311] analyzing module k1
INFO: [VRFC 10-2263] Analyzing Verilog file "C:/Users/nisar/My Files/IIT Kharagpur/FourthYear/Sem8/HSEC/Assgn-1/assgn-1.srcs/sources_1/new/k10.v" into library xil_defaultlib
INFO: [VRFC 10-311] analyzing module k10
INFO: [VRFC 10-2263] Analyzing Verilog file "C:/Users/nisar/My Files/IIT Kharagpur/FourthYear/Sem8/HSEC/Assgn-1/assgn-1.srcs/sources_1/new/k11.v" into library xil_defaultlib
INFO: [VRFC 10-311] analyzing module k11
INFO: [VRFC 10-2263] Analyzing Verilog file "C:/Users/nisar/My Files/IIT Kharagpur/FourthYear/Sem8/HSEC/Assgn-1/assgn-1.srcs/sources_1/new/k163.v" into library xil_defaultlib
INFO: [VRFC 10-311] analyzing module k163
INFO: [VRFC 10-2263] Analyzing Verilog file "C:/Users/nisar/My Files/IIT Kharagpur/FourthYear/Sem8/HSEC/Assgn-1/assgn-1.srcs/sources_1/new/k2.v" into library xil_defaultlib
INFO: [VRFC 10-311] analyzing module k2
INFO: [VRFC 10-2263] Analyzing Verilog file "C:/Users/nisar/My Files/IIT Kharagpur/FourthYear/Sem8/HSEC/Assgn-1/assgn-1.srcs/sources_1/new/k20.v" into library xil_defaultlib
INFO: [VRFC 10-311] analyzing module k20
INFO: [VRFC 10-2263] Analyzing Verilog file "C:/Users/nisar/My Files/IIT Kharagpur/FourthYear/Sem8/HSEC/Assgn-1/assgn-1.srcs/sources_1/new/k21.v" into library xil_defaultlib
INFO: [VRFC 10-311] analyzing module k21
INFO: [VRFC 10-2263] Analyzing Verilog file "C:/Users/nisar/My Files/IIT Kharagpur/FourthYear/Sem8/HSEC/Assgn-1/assgn-1.srcs/sources_1/new/k3.v" into library xil_defaultlib
INFO: [VRFC 10-311] analyzing module k3
INFO: [VRFC 10-2263] Analyzing Verilog file "C:/Users/nisar/My Files/IIT Kharagpur/FourthYear/Sem8/HSEC/Assgn-1/assgn-1.srcs/sources_1/new/k40.v" into library xil_defaultlib
INFO: [VRFC 10-311] analyzing module k40
INFO: [VRFC 10-2263] Analyzing Verilog file "C:/Users/nisar/My Files/IIT Kharagpur/FourthYear/Sem8/HSEC/Assgn-1/assgn-1.srcs/sources_1/new/k41.v" into library xil_defaultlib
INFO: [VRFC 10-311] analyzing module k41
INFO: [VRFC 10-2263] Analyzing Verilog file "C:/Users/nisar/My Files/IIT Kharagpur/FourthYear/Sem8/HSEC/Assgn-1/assgn-1.srcs/sources_1/new/k5.v" into library xil_defaultlib
INFO: [VRFC 10-311] analyzing module k5
INFO: [VRFC 10-2263] Analyzing Verilog file "C:/Users/nisar/My Files/IIT Kharagpur/FourthYear/Sem8/HSEC/Assgn-1/assgn-1.srcs/sources_1/new/k6.v" into library xil_defaultlib
INFO: [VRFC 10-311] analyzing module k6
INFO: [VRFC 10-2263] Analyzing Verilog file "C:/Users/nisar/My Files/IIT Kharagpur/FourthYear/Sem8/HSEC/Assgn-1/assgn-1.srcs/sources_1/new/k81.v" into library xil_defaultlib
INFO: [VRFC 10-311] analyzing module k81
INFO: [VRFC 10-2263] Analyzing Verilog file "C:/Users/nisar/My Files/IIT Kharagpur/FourthYear/Sem8/HSEC/Assgn-1/assgn-1.srcs/sources_1/new/k82.v" into library xil_defaultlib
INFO: [VRFC 10-311] analyzing module k82
INFO: [VRFC 10-2263] Analyzing Verilog file "C:/Users/nisar/My Files/IIT Kharagpur/FourthYear/Sem8/HSEC/Assgn-1/assgn-1.srcs/sources_1/new/multiplier.v" into library xil_defaultlib
INFO: [VRFC 10-311] analyzing module multiplier
INFO: [VRFC 10-2263] Analyzing Verilog file "C:/Users/nisar/My Files/IIT Kharagpur/FourthYear/Sem8/HSEC/Assgn-1/assgn-1.srcs/sources_1/new/reducer.v" into library xil_defaultlib
INFO: [VRFC 10-311] analyzing module reducer
INFO: [VRFC 10-2263] Analyzing Verilog file "C:/Users/nisar/My Files/IIT Kharagpur/FourthYear/Sem8/HSEC/Assgn-1/assgn-1.srcs/sim_1/new/multiplier_tb.v" into library xil_defaultlib
INFO: [VRFC 10-311] analyzing module multiplier_tb
